{"/home/dev/sync/dev/personal/py/acePM/client/config.js": {"path":"/home/dev/sync/dev/personal/py/acePM/client/config.js","statementMap":{},"fnMap":{},"branchMap":{},"s":{},"f":{},"b":{},"_coverageSchema":"332fd63041d2c1bcb487cc26dd0d5f7d97098a6c","hash":"3b5f3b647a7919b03f984bc9691c345e532eb906"}
,"/home/dev/sync/dev/personal/py/acePM/client/index.android.js": {"path":"/home/dev/sync/dev/personal/py/acePM/client/index.android.js","statementMap":{"0":{"start":{"line":15,"column":4},"end":{"line":15,"column":11}},"1":{"start":{"line":16,"column":4},"end":{"line":17,"column":5}},"2":{"start":{"line":21,"column":4},"end":{"line":29,"column":6}},"3":{"start":{"line":33,"column":15},"end":{"line":50,"column":2}},"4":{"start":{"line":52,"column":0},"end":{"line":52,"column":64}},"5":{"start":{"line":52,"column":51},"end":{"line":52,"column":62}}},"fnMap":{"0":{"name":"(anonymous_0)","decl":{"start":{"line":14,"column":2},"end":{"line":14,"column":3}},"loc":{"start":{"line":14,"column":16},"end":{"line":18,"column":3}},"line":14},"1":{"name":"(anonymous_1)","decl":{"start":{"line":20,"column":2},"end":{"line":20,"column":3}},"loc":{"start":{"line":20,"column":11},"end":{"line":30,"column":3}},"line":20},"2":{"name":"(anonymous_2)","decl":{"start":{"line":52,"column":45},"end":{"line":52,"column":46}},"loc":{"start":{"line":52,"column":51},"end":{"line":52,"column":62}},"line":52}},"branchMap":{},"s":{"0":1,"1":1,"2":1,"3":1,"4":1,"5":0},"f":{"0":1,"1":1,"2":0},"b":{},"_coverageSchema":"332fd63041d2c1bcb487cc26dd0d5f7d97098a6c","hash":"486fe7009fa3142bcae07592446531cc8be75d36"}
,"/home/dev/sync/dev/personal/py/acePM/client/index.ios.js": {"path":"/home/dev/sync/dev/personal/py/acePM/client/index.ios.js","statementMap":{"0":{"start":{"line":17,"column":4},"end":{"line":30,"column":6}},"1":{"start":{"line":34,"column":15},"end":{"line":51,"column":2}},"2":{"start":{"line":53,"column":0},"end":{"line":53,"column":64}},"3":{"start":{"line":53,"column":51},"end":{"line":53,"column":62}}},"fnMap":{"0":{"name":"(anonymous_0)","decl":{"start":{"line":16,"column":2},"end":{"line":16,"column":3}},"loc":{"start":{"line":16,"column":11},"end":{"line":31,"column":3}},"line":16},"1":{"name":"(anonymous_1)","decl":{"start":{"line":53,"column":45},"end":{"line":53,"column":46}},"loc":{"start":{"line":53,"column":51},"end":{"line":53,"column":62}},"line":53}},"branchMap":{},"s":{"0":1,"1":1,"2":1,"3":0},"f":{"0":1,"1":0},"b":{},"_coverageSchema":"332fd63041d2c1bcb487cc26dd0d5f7d97098a6c","hash":"5e83b9eb52239f9993951acfc9c5ab50dccca4cc"}
,"/home/dev/sync/dev/personal/py/acePM/client/components/record/record.js": {"path":"/home/dev/sync/dev/personal/py/acePM/client/components/record/record.js","statementMap":{"0":{"start":{"line":23,"column":8},"end":{"line":23,"column":20}},"1":{"start":{"line":24,"column":8},"end":{"line":37,"column":9}},"2":{"start":{"line":39,"column":8},"end":{"line":39,"column":72}},"3":{"start":{"line":40,"column":8},"end":{"line":40,"column":66}},"4":{"start":{"line":41,"column":8},"end":{"line":41,"column":46}},"5":{"start":{"line":42,"column":8},"end":{"line":42,"column":42}},"6":{"start":{"line":43,"column":8},"end":{"line":43,"column":64}},"7":{"start":{"line":44,"column":8},"end":{"line":44,"column":46}},"8":{"start":{"line":49,"column":8},"end":{"line":64,"column":10}},"9":{"start":{"line":50,"column":12},"end":{"line":54,"column":22}},"10":{"start":{"line":51,"column":16},"end":{"line":51,"column":103}},"11":{"start":{"line":54,"column":16},"end":{"line":54,"column":22}},"12":{"start":{"line":56,"column":12},"end":{"line":58,"column":13}},"13":{"start":{"line":57,"column":16},"end":{"line":57,"column":125}},"14":{"start":{"line":60,"column":12},"end":{"line":63,"column":13}},"15":{"start":{"line":61,"column":16},"end":{"line":62,"column":38}},"16":{"start":{"line":62,"column":20},"end":{"line":62,"column":38}},"17":{"start":{"line":68,"column":8},"end":{"line":72,"column":9}},"18":{"start":{"line":69,"column":12},"end":{"line":69,"column":95}},"19":{"start":{"line":71,"column":12},"end":{"line":71,"column":30}},"20":{"start":{"line":76,"column":8},"end":{"line":77,"column":40}},"21":{"start":{"line":77,"column":12},"end":{"line":77,"column":40}},"22":{"start":{"line":79,"column":26},"end":{"line":82,"column":9}},"23":{"start":{"line":84,"column":8},"end":{"line":88,"column":14}},"24":{"start":{"line":86,"column":16},"end":{"line":86,"column":57}},"25":{"start":{"line":87,"column":16},"end":{"line":87,"column":89}},"26":{"start":{"line":93,"column":8},"end":{"line":96,"column":9}},"27":{"start":{"line":94,"column":12},"end":{"line":94,"column":45}},"28":{"start":{"line":95,"column":12},"end":{"line":95,"column":18}},"29":{"start":{"line":98,"column":8},"end":{"line":101,"column":9}},"30":{"start":{"line":99,"column":12},"end":{"line":99,"column":66}},"31":{"start":{"line":100,"column":12},"end":{"line":100,"column":18}},"32":{"start":{"line":103,"column":8},"end":{"line":105,"column":10}},"33":{"start":{"line":108,"column":8},"end":{"line":113,"column":9}},"34":{"start":{"line":109,"column":12},"end":{"line":109,"column":59}},"35":{"start":{"line":110,"column":12},"end":{"line":112,"column":14}},"36":{"start":{"line":115,"column":8},"end":{"line":120,"column":9}},"37":{"start":{"line":116,"column":29},"end":{"line":116,"column":65}},"38":{"start":{"line":119,"column":12},"end":{"line":119,"column":30}},"39":{"start":{"line":124,"column":8},"end":{"line":127,"column":9}},"40":{"start":{"line":125,"column":12},"end":{"line":125,"column":54}},"41":{"start":{"line":126,"column":12},"end":{"line":126,"column":18}},"42":{"start":{"line":129,"column":8},"end":{"line":129,"column":92}},"43":{"start":{"line":131,"column":8},"end":{"line":141,"column":9}},"44":{"start":{"line":132,"column":29},"end":{"line":132,"column":64}},"45":{"start":{"line":134,"column":12},"end":{"line":135,"column":53}},"46":{"start":{"line":135,"column":16},"end":{"line":135,"column":53}},"47":{"start":{"line":137,"column":12},"end":{"line":137,"column":27}},"48":{"start":{"line":140,"column":12},"end":{"line":140,"column":30}},"49":{"start":{"line":146,"column":8},"end":{"line":146,"column":37}},"50":{"start":{"line":148,"column":8},"end":{"line":151,"column":9}},"51":{"start":{"line":149,"column":12},"end":{"line":149,"column":56}},"52":{"start":{"line":150,"column":12},"end":{"line":150,"column":18}},"53":{"start":{"line":154,"column":19},"end":{"line":158,"column":9}},"54":{"start":{"line":160,"column":19},"end":{"line":160,"column":33}},"55":{"start":{"line":161,"column":8},"end":{"line":161,"column":33}},"56":{"start":{"line":163,"column":8},"end":{"line":163,"column":47}},"57":{"start":{"line":165,"column":19},"end":{"line":165,"column":62}},"58":{"start":{"line":166,"column":8},"end":{"line":169,"column":102}},"59":{"start":{"line":167,"column":12},"end":{"line":169,"column":102}},"60":{"start":{"line":173,"column":8},"end":{"line":173,"column":103}},"61":{"start":{"line":178,"column":27},"end":{"line":178,"column":37}},"62":{"start":{"line":180,"column":8},"end":{"line":206,"column":9}},"63":{"start":{"line":198,"column":58},"end":{"line":198,"column":88}}},"fnMap":{"0":{"name":"(anonymous_0)","decl":{"start":{"line":22,"column":4},"end":{"line":22,"column":5}},"loc":{"start":{"line":22,"column":23},"end":{"line":46,"column":5}},"line":22},"1":{"name":"(anonymous_1)","decl":{"start":{"line":48,"column":4},"end":{"line":48,"column":5}},"loc":{"start":{"line":48,"column":24},"end":{"line":65,"column":5}},"line":48},"2":{"name":"(anonymous_2)","decl":{"start":{"line":49,"column":38},"end":{"line":49,"column":39}},"loc":{"start":{"line":49,"column":55},"end":{"line":64,"column":9}},"line":49},"3":{"name":"(anonymous_3)","decl":{"start":{"line":56,"column":39},"end":{"line":56,"column":40}},"loc":{"start":{"line":56,"column":49},"end":{"line":58,"column":13}},"line":56},"4":{"name":"(anonymous_4)","decl":{"start":{"line":60,"column":39},"end":{"line":60,"column":40}},"loc":{"start":{"line":60,"column":49},"end":{"line":63,"column":13}},"line":60},"5":{"name":"(anonymous_5)","decl":{"start":{"line":67,"column":4},"end":{"line":67,"column":5}},"loc":{"start":{"line":67,"column":27},"end":{"line":73,"column":5}},"line":67},"6":{"name":"(anonymous_6)","decl":{"start":{"line":75,"column":4},"end":{"line":75,"column":5}},"loc":{"start":{"line":75,"column":24},"end":{"line":89,"column":5}},"line":75},"7":{"name":"(anonymous_7)","decl":{"start":{"line":85,"column":18},"end":{"line":85,"column":19}},"loc":{"start":{"line":85,"column":28},"end":{"line":88,"column":13}},"line":85},"8":{"name":"(anonymous_8)","decl":{"start":{"line":91,"column":4},"end":{"line":91,"column":5}},"loc":{"start":{"line":91,"column":20},"end":{"line":121,"column":5}},"line":91},"9":{"name":"(anonymous_9)","decl":{"start":{"line":123,"column":4},"end":{"line":123,"column":5}},"loc":{"start":{"line":123,"column":18},"end":{"line":142,"column":5}},"line":123},"10":{"name":"(anonymous_10)","decl":{"start":{"line":145,"column":4},"end":{"line":145,"column":5}},"loc":{"start":{"line":145,"column":20},"end":{"line":170,"column":5}},"line":145},"11":{"name":"(anonymous_11)","decl":{"start":{"line":172,"column":4},"end":{"line":172,"column":5}},"loc":{"start":{"line":172,"column":40},"end":{"line":174,"column":5}},"line":172},"12":{"name":"(anonymous_12)","decl":{"start":{"line":176,"column":4},"end":{"line":176,"column":5}},"loc":{"start":{"line":176,"column":13},"end":{"line":207,"column":5}},"line":176},"13":{"name":"(anonymous_13)","decl":{"start":{"line":198,"column":50},"end":{"line":198,"column":51}},"loc":{"start":{"line":198,"column":58},"end":{"line":198,"column":88}},"line":198}},"branchMap":{"0":{"loc":{"start":{"line":50,"column":12},"end":{"line":54,"column":22}},"type":"if","locations":[{"start":{"line":50,"column":12},"end":{"line":54,"column":22}},{"start":{"line":50,"column":12},"end":{"line":54,"column":22}}],"line":50},"1":{"loc":{"start":{"line":61,"column":16},"end":{"line":62,"column":38}},"type":"if","locations":[{"start":{"line":61,"column":16},"end":{"line":62,"column":38}},{"start":{"line":61,"column":16},"end":{"line":62,"column":38}}],"line":61},"2":{"loc":{"start":{"line":76,"column":8},"end":{"line":77,"column":40}},"type":"if","locations":[{"start":{"line":76,"column":8},"end":{"line":77,"column":40}},{"start":{"line":76,"column":8},"end":{"line":77,"column":40}}],"line":76},"3":{"loc":{"start":{"line":87,"column":24},"end":{"line":87,"column":88}},"type":"binary-expr","locations":[{"start":{"line":87,"column":24},"end":{"line":87,"column":39}},{"start":{"line":87,"column":43},"end":{"line":87,"column":88}}],"line":87},"4":{"loc":{"start":{"line":93,"column":8},"end":{"line":96,"column":9}},"type":"if","locations":[{"start":{"line":93,"column":8},"end":{"line":96,"column":9}},{"start":{"line":93,"column":8},"end":{"line":96,"column":9}}],"line":93},"5":{"loc":{"start":{"line":98,"column":8},"end":{"line":101,"column":9}},"type":"if","locations":[{"start":{"line":98,"column":8},"end":{"line":101,"column":9}},{"start":{"line":98,"column":8},"end":{"line":101,"column":9}}],"line":98},"6":{"loc":{"start":{"line":108,"column":8},"end":{"line":113,"column":9}},"type":"if","locations":[{"start":{"line":108,"column":8},"end":{"line":113,"column":9}},{"start":{"line":108,"column":8},"end":{"line":113,"column":9}}],"line":108},"7":{"loc":{"start":{"line":124,"column":8},"end":{"line":127,"column":9}},"type":"if","locations":[{"start":{"line":124,"column":8},"end":{"line":127,"column":9}},{"start":{"line":124,"column":8},"end":{"line":127,"column":9}}],"line":124},"8":{"loc":{"start":{"line":134,"column":12},"end":{"line":135,"column":53}},"type":"if","locations":[{"start":{"line":134,"column":12},"end":{"line":135,"column":53}},{"start":{"line":134,"column":12},"end":{"line":135,"column":53}}],"line":134},"9":{"loc":{"start":{"line":148,"column":8},"end":{"line":151,"column":9}},"type":"if","locations":[{"start":{"line":148,"column":8},"end":{"line":151,"column":9}},{"start":{"line":148,"column":8},"end":{"line":151,"column":9}}],"line":148},"10":{"loc":{"start":{"line":166,"column":8},"end":{"line":169,"column":102}},"type":"if","locations":[{"start":{"line":166,"column":8},"end":{"line":169,"column":102}},{"start":{"line":166,"column":8},"end":{"line":169,"column":102}}],"line":166},"11":{"loc":{"start":{"line":167,"column":12},"end":{"line":169,"column":102}},"type":"cond-expr","locations":[{"start":{"line":168,"column":18},"end":{"line":168,"column":100}},{"start":{"line":169,"column":18},"end":{"line":169,"column":102}}],"line":167},"12":{"loc":{"start":{"line":183,"column":29},"end":{"line":183,"column":74}},"type":"cond-expr","locations":[{"start":{"line":183,"column":49},"end":{"line":183,"column":61}},{"start":{"line":183,"column":64},"end":{"line":183,"column":74}}],"line":183},"13":{"loc":{"start":{"line":184,"column":27},"end":{"line":184,"column":107}},"type":"cond-expr","locations":[{"start":{"line":184,"column":47},"end":{"line":184,"column":76}},{"start":{"line":184,"column":79},"end":{"line":184,"column":107}}],"line":184},"14":{"loc":{"start":{"line":191,"column":20},"end":{"line":203,"column":30}},"type":"cond-expr","locations":[{"start":{"line":193,"column":28},"end":{"line":201,"column":35}},{"start":{"line":203,"column":26},"end":{"line":203,"column":30}}],"line":191},"15":{"loc":{"start":{"line":191,"column":21},"end":{"line":191,"column":66}},"type":"binary-expr","locations":[{"start":{"line":191,"column":21},"end":{"line":191,"column":38}},{"start":{"line":191,"column":42},"end":{"line":191,"column":66}}],"line":191}},"s":{"0":4,"1":4,"2":4,"3":4,"4":4,"5":4,"6":4,"7":4,"8":1,"9":1,"10":1,"11":0,"12":1,"13":0,"14":1,"15":0,"16":0,"17":1,"18":1,"19":0,"20":1,"21":1,"22":0,"23":0,"24":0,"25":0,"26":2,"27":0,"28":0,"29":2,"30":1,"31":1,"32":1,"33":1,"34":1,"35":1,"36":1,"37":1,"38":0,"39":0,"40":0,"41":0,"42":0,"43":0,"44":0,"45":0,"46":0,"47":0,"48":0,"49":0,"50":0,"51":0,"52":0,"53":0,"54":0,"55":0,"56":0,"57":0,"58":0,"59":0,"60":0,"61":7,"62":7,"63":0},"f":{"0":4,"1":1,"2":1,"3":0,"4":0,"5":1,"6":1,"7":0,"8":2,"9":0,"10":0,"11":0,"12":7,"13":0},"b":{"0":[1,0],"1":[0,0],"2":[1,0],"3":[0,0],"4":[0,2],"5":[1,1],"6":[1,0],"7":[0,0],"8":[0,0],"9":[0,0],"10":[0,0],"11":[0,0],"12":[6,1],"13":[6,1],"14":[0,7],"15":[7,6]},"_coverageSchema":"332fd63041d2c1bcb487cc26dd0d5f7d97098a6c","hash":"246475da7e0241023a6de5fbf2cb7c1ee3105203"}
,"/home/dev/sync/dev/personal/py/acePM/client/util/consts.js": {"path":"/home/dev/sync/dev/personal/py/acePM/client/util/consts.js","statementMap":{},"fnMap":{},"branchMap":{},"s":{},"f":{},"b":{},"_coverageSchema":"332fd63041d2c1bcb487cc26dd0d5f7d97098a6c","hash":"a5dfb5ac5adca48435a46f96413b4504df08b348"}
,"/home/dev/sync/dev/personal/py/acePM/client/util/testutil.js": {"path":"/home/dev/sync/dev/personal/py/acePM/client/util/testutil.js","statementMap":{"0":{"start":{"line":12,"column":15},"end":{"line":12,"column":58}},"1":{"start":{"line":12,"column":26},"end":{"line":12,"column":58}},"2":{"start":{"line":15,"column":18},"end":{"line":15,"column":80}},"3":{"start":{"line":15,"column":39},"end":{"line":15,"column":80}},"4":{"start":{"line":21,"column":14},"end":{"line":21,"column":98}},"5":{"start":{"line":21,"column":22},"end":{"line":21,"column":98}},"6":{"start":{"line":21,"column":45},"end":{"line":21,"column":97}},"7":{"start":{"line":21,"column":60},"end":{"line":21,"column":69}},"8":{"start":{"line":23,"column":0},"end":{"line":23,"column":41}}},"fnMap":{"0":{"name":"(anonymous_0)","decl":{"start":{"line":12,"column":15},"end":{"line":12,"column":16}},"loc":{"start":{"line":12,"column":26},"end":{"line":12,"column":58}},"line":12},"1":{"name":"(anonymous_1)","decl":{"start":{"line":15,"column":18},"end":{"line":15,"column":19}},"loc":{"start":{"line":15,"column":39},"end":{"line":15,"column":80}},"line":15},"2":{"name":"(anonymous_2)","decl":{"start":{"line":21,"column":14},"end":{"line":21,"column":15}},"loc":{"start":{"line":21,"column":22},"end":{"line":21,"column":98}},"line":21},"3":{"name":"(anonymous_3)","decl":{"start":{"line":21,"column":34},"end":{"line":21,"column":35}},"loc":{"start":{"line":21,"column":45},"end":{"line":21,"column":97}},"line":21},"4":{"name":"(anonymous_4)","decl":{"start":{"line":21,"column":56},"end":{"line":21,"column":57}},"loc":{"start":{"line":21,"column":60},"end":{"line":21,"column":69}},"line":21}},"branchMap":{"0":{"loc":{"start":{"line":21,"column":70},"end":{"line":21,"column":96}},"type":"cond-expr","locations":[{"start":{"line":21,"column":75},"end":{"line":21,"column":77}},{"start":{"line":21,"column":80},"end":{"line":21,"column":96}}],"line":21}},"s":{"0":1,"1":2,"2":1,"3":2,"4":1,"5":2,"6":2,"7":2,"8":1},"f":{"0":2,"1":2,"2":2,"3":2,"4":2},"b":{"0":[0,2]},"_coverageSchema":"332fd63041d2c1bcb487cc26dd0d5f7d97098a6c","hash":"fd70f9ad6383b7f351185dcf1fe40b3154f79541"}
}
