{"/home/dev/sync/dev/personal/py/acePM/client/index.android.js": {"path":"/home/dev/sync/dev/personal/py/acePM/client/index.android.js","statementMap":{"0":{"start":{"line":15,"column":4},"end":{"line":15,"column":11}},"1":{"start":{"line":16,"column":4},"end":{"line":17,"column":5}},"2":{"start":{"line":21,"column":4},"end":{"line":29,"column":6}},"3":{"start":{"line":33,"column":15},"end":{"line":50,"column":2}},"4":{"start":{"line":52,"column":0},"end":{"line":52,"column":64}},"5":{"start":{"line":52,"column":51},"end":{"line":52,"column":62}}},"fnMap":{"0":{"name":"(anonymous_0)","decl":{"start":{"line":14,"column":2},"end":{"line":14,"column":3}},"loc":{"start":{"line":14,"column":16},"end":{"line":18,"column":3}},"line":14},"1":{"name":"(anonymous_1)","decl":{"start":{"line":20,"column":2},"end":{"line":20,"column":3}},"loc":{"start":{"line":20,"column":11},"end":{"line":30,"column":3}},"line":20},"2":{"name":"(anonymous_2)","decl":{"start":{"line":52,"column":45},"end":{"line":52,"column":46}},"loc":{"start":{"line":52,"column":51},"end":{"line":52,"column":62}},"line":52}},"branchMap":{},"s":{"0":1,"1":1,"2":1,"3":1,"4":1,"5":0},"f":{"0":1,"1":1,"2":0},"b":{},"_coverageSchema":"332fd63041d2c1bcb487cc26dd0d5f7d97098a6c","hash":"486fe7009fa3142bcae07592446531cc8be75d36"}
,"/home/dev/sync/dev/personal/py/acePM/client/index.ios.js": {"path":"/home/dev/sync/dev/personal/py/acePM/client/index.ios.js","statementMap":{"0":{"start":{"line":17,"column":4},"end":{"line":30,"column":6}},"1":{"start":{"line":34,"column":15},"end":{"line":51,"column":2}},"2":{"start":{"line":53,"column":0},"end":{"line":53,"column":64}},"3":{"start":{"line":53,"column":51},"end":{"line":53,"column":62}}},"fnMap":{"0":{"name":"(anonymous_0)","decl":{"start":{"line":16,"column":2},"end":{"line":16,"column":3}},"loc":{"start":{"line":16,"column":11},"end":{"line":31,"column":3}},"line":16},"1":{"name":"(anonymous_1)","decl":{"start":{"line":53,"column":45},"end":{"line":53,"column":46}},"loc":{"start":{"line":53,"column":51},"end":{"line":53,"column":62}},"line":53}},"branchMap":{},"s":{"0":1,"1":1,"2":1,"3":0},"f":{"0":1,"1":0},"b":{},"_coverageSchema":"332fd63041d2c1bcb487cc26dd0d5f7d97098a6c","hash":"5e83b9eb52239f9993951acfc9c5ab50dccca4cc"}
,"/home/dev/sync/dev/personal/py/acePM/client/components/record/record.js": {"path":"/home/dev/sync/dev/personal/py/acePM/client/components/record/record.js","statementMap":{"0":{"start":{"line":15,"column":8},"end":{"line":15,"column":15}},"1":{"start":{"line":16,"column":8},"end":{"line":32,"column":9}},"2":{"start":{"line":34,"column":8},"end":{"line":34,"column":72}},"3":{"start":{"line":35,"column":8},"end":{"line":35,"column":66}},"4":{"start":{"line":36,"column":8},"end":{"line":36,"column":46}},"5":{"start":{"line":37,"column":8},"end":{"line":37,"column":42}},"6":{"start":{"line":38,"column":8},"end":{"line":38,"column":64}},"7":{"start":{"line":43,"column":8},"end":{"line":59,"column":10}},"8":{"start":{"line":44,"column":12},"end":{"line":48,"column":22}},"9":{"start":{"line":45,"column":16},"end":{"line":45,"column":103}},"10":{"start":{"line":48,"column":16},"end":{"line":48,"column":22}},"11":{"start":{"line":50,"column":12},"end":{"line":52,"column":13}},"12":{"start":{"line":51,"column":16},"end":{"line":51,"column":125}},"13":{"start":{"line":54,"column":12},"end":{"line":58,"column":13}},"14":{"start":{"line":55,"column":16},"end":{"line":56,"column":26}},"15":{"start":{"line":56,"column":20},"end":{"line":56,"column":26}},"16":{"start":{"line":63,"column":8},"end":{"line":67,"column":9}},"17":{"start":{"line":64,"column":12},"end":{"line":64,"column":95}},"18":{"start":{"line":66,"column":12},"end":{"line":66,"column":30}},"19":{"start":{"line":72,"column":8},"end":{"line":73,"column":40}},"20":{"start":{"line":73,"column":12},"end":{"line":73,"column":40}},"21":{"start":{"line":75,"column":26},"end":{"line":78,"column":9}},"22":{"start":{"line":80,"column":8},"end":{"line":84,"column":14}},"23":{"start":{"line":82,"column":16},"end":{"line":82,"column":57}},"24":{"start":{"line":83,"column":16},"end":{"line":83,"column":89}},"25":{"start":{"line":88,"column":8},"end":{"line":91,"column":9}},"26":{"start":{"line":89,"column":12},"end":{"line":89,"column":45}},"27":{"start":{"line":90,"column":12},"end":{"line":90,"column":18}},"28":{"start":{"line":93,"column":8},"end":{"line":96,"column":9}},"29":{"start":{"line":94,"column":12},"end":{"line":94,"column":66}},"30":{"start":{"line":95,"column":12},"end":{"line":95,"column":18}},"31":{"start":{"line":98,"column":8},"end":{"line":99,"column":59}},"32":{"start":{"line":99,"column":12},"end":{"line":99,"column":59}},"33":{"start":{"line":101,"column":8},"end":{"line":101,"column":91}},"34":{"start":{"line":103,"column":8},"end":{"line":108,"column":9}},"35":{"start":{"line":104,"column":29},"end":{"line":104,"column":65}},"36":{"start":{"line":107,"column":12},"end":{"line":107,"column":30}},"37":{"start":{"line":112,"column":8},"end":{"line":115,"column":9}},"38":{"start":{"line":113,"column":12},"end":{"line":113,"column":54}},"39":{"start":{"line":114,"column":12},"end":{"line":114,"column":18}},"40":{"start":{"line":117,"column":8},"end":{"line":117,"column":92}},"41":{"start":{"line":119,"column":8},"end":{"line":129,"column":9}},"42":{"start":{"line":120,"column":29},"end":{"line":120,"column":64}},"43":{"start":{"line":122,"column":12},"end":{"line":123,"column":53}},"44":{"start":{"line":123,"column":16},"end":{"line":123,"column":53}},"45":{"start":{"line":125,"column":12},"end":{"line":125,"column":27}},"46":{"start":{"line":128,"column":12},"end":{"line":128,"column":30}},"47":{"start":{"line":133,"column":8},"end":{"line":133,"column":96}},"48":{"start":{"line":137,"column":8},"end":{"line":158,"column":9}},"49":{"start":{"line":152,"column":37},"end":{"line":152,"column":60}}},"fnMap":{"0":{"name":"(anonymous_0)","decl":{"start":{"line":14,"column":4},"end":{"line":14,"column":5}},"loc":{"start":{"line":14,"column":18},"end":{"line":40,"column":5}},"line":14},"1":{"name":"(anonymous_1)","decl":{"start":{"line":42,"column":4},"end":{"line":42,"column":5}},"loc":{"start":{"line":42,"column":24},"end":{"line":60,"column":5}},"line":42},"2":{"name":"(anonymous_2)","decl":{"start":{"line":43,"column":38},"end":{"line":43,"column":39}},"loc":{"start":{"line":43,"column":55},"end":{"line":59,"column":9}},"line":43},"3":{"name":"(anonymous_3)","decl":{"start":{"line":50,"column":39},"end":{"line":50,"column":40}},"loc":{"start":{"line":50,"column":49},"end":{"line":52,"column":13}},"line":50},"4":{"name":"(anonymous_4)","decl":{"start":{"line":54,"column":39},"end":{"line":54,"column":40}},"loc":{"start":{"line":54,"column":49},"end":{"line":58,"column":13}},"line":54},"5":{"name":"(anonymous_5)","decl":{"start":{"line":62,"column":4},"end":{"line":62,"column":5}},"loc":{"start":{"line":62,"column":27},"end":{"line":69,"column":5}},"line":62},"6":{"name":"(anonymous_6)","decl":{"start":{"line":71,"column":4},"end":{"line":71,"column":5}},"loc":{"start":{"line":71,"column":24},"end":{"line":85,"column":5}},"line":71},"7":{"name":"(anonymous_7)","decl":{"start":{"line":81,"column":18},"end":{"line":81,"column":19}},"loc":{"start":{"line":81,"column":28},"end":{"line":84,"column":13}},"line":81},"8":{"name":"(anonymous_8)","decl":{"start":{"line":87,"column":4},"end":{"line":87,"column":5}},"loc":{"start":{"line":87,"column":20},"end":{"line":109,"column":5}},"line":87},"9":{"name":"(anonymous_9)","decl":{"start":{"line":111,"column":4},"end":{"line":111,"column":5}},"loc":{"start":{"line":111,"column":18},"end":{"line":130,"column":5}},"line":111},"10":{"name":"(anonymous_10)","decl":{"start":{"line":132,"column":4},"end":{"line":132,"column":5}},"loc":{"start":{"line":132,"column":40},"end":{"line":134,"column":5}},"line":132},"11":{"name":"(anonymous_11)","decl":{"start":{"line":136,"column":4},"end":{"line":136,"column":5}},"loc":{"start":{"line":136,"column":13},"end":{"line":159,"column":5}},"line":136},"12":{"name":"(anonymous_12)","decl":{"start":{"line":152,"column":29},"end":{"line":152,"column":30}},"loc":{"start":{"line":152,"column":35},"end":{"line":152,"column":62}},"line":152}},"branchMap":{"0":{"loc":{"start":{"line":44,"column":12},"end":{"line":48,"column":22}},"type":"if","locations":[{"start":{"line":44,"column":12},"end":{"line":48,"column":22}},{"start":{"line":44,"column":12},"end":{"line":48,"column":22}}],"line":44},"1":{"loc":{"start":{"line":55,"column":16},"end":{"line":56,"column":26}},"type":"if","locations":[{"start":{"line":55,"column":16},"end":{"line":56,"column":26}},{"start":{"line":55,"column":16},"end":{"line":56,"column":26}}],"line":55},"2":{"loc":{"start":{"line":72,"column":8},"end":{"line":73,"column":40}},"type":"if","locations":[{"start":{"line":72,"column":8},"end":{"line":73,"column":40}},{"start":{"line":72,"column":8},"end":{"line":73,"column":40}}],"line":72},"3":{"loc":{"start":{"line":83,"column":24},"end":{"line":83,"column":88}},"type":"binary-expr","locations":[{"start":{"line":83,"column":24},"end":{"line":83,"column":39}},{"start":{"line":83,"column":43},"end":{"line":83,"column":88}}],"line":83},"4":{"loc":{"start":{"line":88,"column":8},"end":{"line":91,"column":9}},"type":"if","locations":[{"start":{"line":88,"column":8},"end":{"line":91,"column":9}},{"start":{"line":88,"column":8},"end":{"line":91,"column":9}}],"line":88},"5":{"loc":{"start":{"line":93,"column":8},"end":{"line":96,"column":9}},"type":"if","locations":[{"start":{"line":93,"column":8},"end":{"line":96,"column":9}},{"start":{"line":93,"column":8},"end":{"line":96,"column":9}}],"line":93},"6":{"loc":{"start":{"line":98,"column":8},"end":{"line":99,"column":59}},"type":"if","locations":[{"start":{"line":98,"column":8},"end":{"line":99,"column":59}},{"start":{"line":98,"column":8},"end":{"line":99,"column":59}}],"line":98},"7":{"loc":{"start":{"line":112,"column":8},"end":{"line":115,"column":9}},"type":"if","locations":[{"start":{"line":112,"column":8},"end":{"line":115,"column":9}},{"start":{"line":112,"column":8},"end":{"line":115,"column":9}}],"line":112},"8":{"loc":{"start":{"line":122,"column":12},"end":{"line":123,"column":53}},"type":"if","locations":[{"start":{"line":122,"column":12},"end":{"line":123,"column":53}},{"start":{"line":122,"column":12},"end":{"line":123,"column":53}}],"line":122}},"s":{"0":2,"1":2,"2":2,"3":2,"4":2,"5":2,"6":2,"7":1,"8":1,"9":1,"10":0,"11":1,"12":0,"13":1,"14":0,"15":0,"16":0,"17":0,"18":0,"19":1,"20":1,"21":0,"22":0,"23":0,"24":0,"25":1,"26":0,"27":0,"28":1,"29":1,"30":1,"31":0,"32":0,"33":0,"34":0,"35":0,"36":0,"37":1,"38":1,"39":1,"40":0,"41":0,"42":0,"43":0,"44":0,"45":0,"46":0,"47":0,"48":3,"49":1},"f":{"0":2,"1":1,"2":1,"3":0,"4":0,"5":0,"6":1,"7":0,"8":1,"9":1,"10":0,"11":3,"12":1},"b":{"0":[1,0],"1":[0,0],"2":[1,0],"3":[0,0],"4":[0,1],"5":[1,0],"6":[0,0],"7":[1,0],"8":[0,0]},"_coverageSchema":"332fd63041d2c1bcb487cc26dd0d5f7d97098a6c","hash":"34a7e0f1a3e896bc5b21afe188a156a086642a6d"}
}
