TN:
SF:/home/dev/sync/dev/personal/py/acePM/client/index.android.js
FN:10,(anonymous_0)
FN:15,(anonymous_1)
FN:25,(anonymous_2)
FNF:3
FNH:2
FNDA:1,(anonymous_0)
FNDA:1,(anonymous_1)
FNDA:0,(anonymous_2)
DA:11,1
DA:12,1
DA:16,1
DA:25,1
LF:4
LH:4
BRF:0
BRH:0
end_of_record
TN:
SF:/home/dev/sync/dev/personal/py/acePM/client/index.ios.js
FN:16,(anonymous_0)
FN:53,(anonymous_1)
FNF:2
FNH:1
FNDA:1,(anonymous_0)
FNDA:0,(anonymous_1)
DA:17,1
DA:34,1
DA:53,1
LF:3
LH:3
BRF:0
BRH:0
end_of_record
TN:
SF:/home/dev/sync/dev/personal/py/acePM/client/js/config.js
FNF:0
FNH:0
LF:0
LH:0
BRF:0
BRH:0
end_of_record
TN:
SF:/home/dev/sync/dev/personal/py/acePM/client/js/containers/Main/Main.js
FN:17,(anonymous_0)
FN:22,(anonymous_1)
FN:24,(anonymous_2)
FN:10,(anonymous_3)
FNF:4
FNH:4
FNDA:1,(anonymous_0)
FNDA:1,(anonymous_1)
FNDA:1,(anonymous_2)
FNDA:1,(anonymous_3)
DA:11,1
DA:18,1
DA:19,1
DA:26,1
DA:28,1
LF:5
LH:5
BRDA:30,0,0,0
BRDA:30,0,1,1
BRF:2
BRH:1
end_of_record
TN:
SF:/home/dev/sync/dev/personal/py/acePM/client/js/containers/Main/styles.js
FNF:0
FNH:0
LF:0
LH:0
BRF:0
BRH:0
end_of_record
TN:
SF:/home/dev/sync/dev/personal/py/acePM/client/js/containers/Record/Record.js
FN:24,(anonymous_0)
FN:50,(anonymous_1)
FN:51,(anonymous_2)
FN:58,(anonymous_3)
FN:62,(anonymous_4)
FN:69,(anonymous_5)
FN:77,(anonymous_6)
FN:87,(anonymous_7)
FN:93,(anonymous_8)
FN:125,(anonymous_9)
FN:147,(anonymous_10)
FN:174,(anonymous_11)
FN:178,(anonymous_12)
FN:200,(anonymous_13)
FNF:14
FNH:4
FNDA:3,(anonymous_0)
FNDA:0,(anonymous_1)
FNDA:0,(anonymous_2)
FNDA:0,(anonymous_3)
FNDA:0,(anonymous_4)
FNDA:1,(anonymous_5)
FNDA:0,(anonymous_6)
FNDA:0,(anonymous_7)
FNDA:2,(anonymous_8)
FNDA:0,(anonymous_9)
FNDA:0,(anonymous_10)
FNDA:0,(anonymous_11)
FNDA:5,(anonymous_12)
FNDA:0,(anonymous_13)
DA:25,3
DA:26,3
DA:41,3
DA:42,3
DA:43,3
DA:44,3
DA:45,3
DA:46,3
DA:51,0
DA:52,0
DA:53,0
DA:56,0
DA:58,0
DA:59,0
DA:62,0
DA:63,0
DA:64,0
DA:70,1
DA:71,1
DA:73,0
DA:78,0
DA:79,0
DA:81,0
DA:86,0
DA:88,0
DA:89,0
DA:95,2
DA:96,0
DA:97,0
DA:100,2
DA:101,1
DA:102,1
DA:105,1
DA:110,1
DA:111,1
DA:112,1
DA:117,1
DA:118,1
DA:121,0
DA:126,0
DA:127,0
DA:128,0
DA:131,0
DA:133,0
DA:134,0
DA:136,0
DA:137,0
DA:139,0
DA:142,0
DA:148,0
DA:150,0
DA:151,0
DA:152,0
DA:156,0
DA:162,0
DA:163,0
DA:165,0
DA:167,0
DA:168,0
DA:169,0
DA:175,0
DA:180,5
DA:182,5
DA:200,0
LF:64
LH:22
BRDA:52,0,0,0
BRDA:52,0,1,0
BRDA:63,1,0,0
BRDA:63,1,1,0
BRDA:78,2,0,0
BRDA:78,2,1,0
BRDA:89,3,0,0
BRDA:89,3,1,0
BRDA:95,4,0,0
BRDA:95,4,1,2
BRDA:100,5,0,1
BRDA:100,5,1,1
BRDA:110,6,0,1
BRDA:110,6,1,0
BRDA:126,7,0,0
BRDA:126,7,1,0
BRDA:136,8,0,0
BRDA:136,8,1,0
BRDA:150,9,0,0
BRDA:150,9,1,0
BRDA:168,10,0,0
BRDA:168,10,1,0
BRDA:169,11,0,0
BRDA:169,11,1,0
BRDA:185,12,0,4
BRDA:185,12,1,1
BRDA:186,13,0,4
BRDA:186,13,1,1
BRDA:193,14,0,0
BRDA:193,14,1,5
BRDA:193,15,0,5
BRDA:193,15,1,4
BRF:32
BRH:11
end_of_record
TN:
SF:/home/dev/sync/dev/personal/py/acePM/client/js/containers/Splash/Splash.js
FN:23,(anonymous_0)
FN:41,(anonymous_1)
FN:45,(anonymous_2)
FN:59,(anonymous_3)
FN:61,(anonymous_4)
FN:67,(anonymous_5)
FN:73,(anonymous_6)
FN:97,(anonymous_7)
FN:16,(anonymous_8)
FNF:9
FNH:9
FNDA:16,(anonymous_0)
FNDA:1,(anonymous_1)
FNDA:5,(anonymous_2)
FNDA:6,(anonymous_3)
FNDA:29,(anonymous_4)
FNDA:5,(anonymous_5)
FNDA:14,(anonymous_6)
FNDA:62,(anonymous_7)
FNDA:15,(anonymous_8)
DA:17,15
DA:24,16
DA:25,16
DA:35,16
DA:36,16
DA:37,16
DA:38,16
DA:42,1
DA:47,5
DA:49,5
DA:50,5
DA:52,0
DA:55,4
DA:56,4
DA:60,6
DA:62,29
DA:68,5
DA:69,5
DA:75,14
DA:76,1
DA:78,13
DA:79,4
DA:82,9
DA:83,2
DA:84,2
DA:87,7
DA:88,0
DA:91,7
DA:92,6
DA:93,6
DA:94,6
DA:99,62
DA:101,62
LF:33
LH:31
BRDA:62,0,0,9
BRDA:62,0,1,20
BRDA:75,1,0,1
BRDA:75,1,1,13
BRDA:78,2,0,4
BRDA:78,2,1,9
BRDA:79,3,0,0
BRDA:79,3,1,4
BRDA:82,4,0,2
BRDA:82,4,1,7
BRDA:87,5,0,0
BRDA:87,5,1,7
BRF:12
BRH:10
end_of_record
TN:
SF:/home/dev/sync/dev/personal/py/acePM/client/js/containers/Splash/actions.js
FN:4,(anonymous_0)
FN:6,(anonymous_1)
FN:7,(anonymous_2)
FN:8,(anonymous_3)
FN:9,(anonymous_4)
FNF:5
FNH:2
FNDA:4,(anonymous_0)
FNDA:4,(anonymous_1)
FNDA:0,(anonymous_2)
FNDA:0,(anonymous_3)
FNDA:0,(anonymous_4)
DA:4,4
DA:7,4
DA:8,0
DA:9,0
LF:4
LH:2
BRF:0
BRH:0
end_of_record
TN:
SF:/home/dev/sync/dev/personal/py/acePM/client/js/containers/Splash/styles.js
FNF:0
FNH:0
LF:0
LH:0
BRF:0
BRH:0
end_of_record
TN:
SF:/home/dev/sync/dev/personal/py/acePM/client/js/reducers/main.js
FN:4,(anonymous_0)
FNF:1
FNH:1
FNDA:4,(anonymous_0)
DA:8,4
DA:10,1
DA:14,3
LF:3
LH:3
BRDA:4,0,0,3
BRDA:8,1,0,1
BRF:2
BRH:2
end_of_record
TN:
SF:/home/dev/sync/dev/personal/py/acePM/client/js/reducers/reducers.js
FNF:0
FNH:0
LF:0
LH:0
BRF:0
BRH:0
end_of_record
TN:
SF:/home/dev/sync/dev/personal/py/acePM/client/js/store/store.js
FNF:0
FNH:0
DA:8,1
LF:1
LH:1
BRF:0
BRH:0
end_of_record
TN:
SF:/home/dev/sync/dev/personal/py/acePM/client/js/util/consts.js
FNF:0
FNH:0
LF:0
LH:0
BRF:0
BRH:0
end_of_record
TN:
SF:/home/dev/sync/dev/personal/py/acePM/client/js/util/tests/testutil.js
FN:12,(anonymous_0)
FN:15,(anonymous_1)
FN:17,(anonymous_2)
FN:23,(anonymous_3)
FN:23,(anonymous_4)
FN:23,(anonymous_5)
FNF:6
FNH:6
FNDA:2,(anonymous_0)
FNDA:2,(anonymous_1)
FNDA:14,(anonymous_2)
FNDA:15,(anonymous_3)
FNDA:15,(anonymous_4)
FNDA:10,(anonymous_5)
DA:12,3
DA:15,3
DA:17,14
DA:23,15
DA:25,3
LF:5
LH:5
BRDA:23,0,0,12
BRDA:23,0,1,3
BRF:2
BRH:2
end_of_record
TN:
SF:/home/dev/sync/dev/personal/py/acePM/client/js/util/tests/mocks/Audio.js
FN:2,(anonymous_0)
FN:3,(anonymous_1)
FN:4,(anonymous_2)
FNF:3
FNH:2
FNDA:1,(anonymous_0)
FNDA:1,(anonymous_1)
FNDA:0,(anonymous_2)
DA:1,2
DA:6,2
DA:8,2
LF:3
LH:3
BRF:0
BRH:0
end_of_record
TN:
SF:/home/dev/sync/dev/personal/py/acePM/client/js/util/tests/mocks/RNFB.js
FNF:0
FNH:0
DA:1,2
DA:5,2
LF:2
LH:2
BRF:0
BRH:0
end_of_record
