TN:
SF:/home/dev/sync/dev/personal/py/acePM/client/config.js
FNF:0
FNH:0
LF:0
LH:0
BRF:0
BRH:0
end_of_record
TN:
SF:/home/dev/sync/dev/personal/py/acePM/client/index.android.js
FN:14,(anonymous_0)
FN:20,(anonymous_1)
FN:52,(anonymous_2)
FNF:3
FNH:2
FNDA:1,(anonymous_0)
FNDA:1,(anonymous_1)
FNDA:0,(anonymous_2)
DA:15,1
DA:16,1
DA:21,1
DA:33,1
DA:52,1
LF:5
LH:5
BRF:0
BRH:0
end_of_record
TN:
SF:/home/dev/sync/dev/personal/py/acePM/client/index.ios.js
FN:16,(anonymous_0)
FN:53,(anonymous_1)
FNF:2
FNH:1
FNDA:1,(anonymous_0)
FNDA:0,(anonymous_1)
DA:17,1
DA:34,1
DA:53,1
LF:3
LH:3
BRF:0
BRH:0
end_of_record
TN:
SF:/home/dev/sync/dev/personal/py/acePM/client/components/record/record.js
FN:22,(anonymous_0)
FN:48,(anonymous_1)
FN:49,(anonymous_2)
FN:56,(anonymous_3)
FN:60,(anonymous_4)
FN:67,(anonymous_5)
FN:75,(anonymous_6)
FN:85,(anonymous_7)
FN:91,(anonymous_8)
FN:123,(anonymous_9)
FN:145,(anonymous_10)
FN:172,(anonymous_11)
FN:176,(anonymous_12)
FN:198,(anonymous_13)
FNF:14
FNH:7
FNDA:4,(anonymous_0)
FNDA:1,(anonymous_1)
FNDA:1,(anonymous_2)
FNDA:0,(anonymous_3)
FNDA:0,(anonymous_4)
FNDA:1,(anonymous_5)
FNDA:1,(anonymous_6)
FNDA:0,(anonymous_7)
FNDA:2,(anonymous_8)
FNDA:0,(anonymous_9)
FNDA:0,(anonymous_10)
FNDA:0,(anonymous_11)
FNDA:7,(anonymous_12)
FNDA:0,(anonymous_13)
DA:23,4
DA:24,4
DA:39,4
DA:40,4
DA:41,4
DA:42,4
DA:43,4
DA:44,4
DA:49,1
DA:50,1
DA:51,1
DA:54,0
DA:56,1
DA:57,0
DA:60,1
DA:61,0
DA:62,0
DA:68,1
DA:69,1
DA:71,0
DA:76,1
DA:77,1
DA:79,0
DA:84,0
DA:86,0
DA:87,0
DA:93,2
DA:94,0
DA:95,0
DA:98,2
DA:99,1
DA:100,1
DA:103,1
DA:108,1
DA:109,1
DA:110,1
DA:115,1
DA:116,1
DA:119,0
DA:124,0
DA:125,0
DA:126,0
DA:129,0
DA:131,0
DA:132,0
DA:134,0
DA:135,0
DA:137,0
DA:140,0
DA:146,0
DA:148,0
DA:149,0
DA:150,0
DA:154,0
DA:160,0
DA:161,0
DA:163,0
DA:165,0
DA:166,0
DA:167,0
DA:173,0
DA:178,7
DA:180,7
DA:198,0
LF:64
LH:29
BRDA:50,0,0,1
BRDA:50,0,1,0
BRDA:61,1,0,0
BRDA:61,1,1,0
BRDA:76,2,0,1
BRDA:76,2,1,0
BRDA:87,3,0,0
BRDA:87,3,1,0
BRDA:93,4,0,0
BRDA:93,4,1,2
BRDA:98,5,0,1
BRDA:98,5,1,1
BRDA:108,6,0,1
BRDA:108,6,1,0
BRDA:124,7,0,0
BRDA:124,7,1,0
BRDA:134,8,0,0
BRDA:134,8,1,0
BRDA:148,9,0,0
BRDA:148,9,1,0
BRDA:166,10,0,0
BRDA:166,10,1,0
BRDA:167,11,0,0
BRDA:167,11,1,0
BRDA:183,12,0,6
BRDA:183,12,1,1
BRDA:184,13,0,6
BRDA:184,13,1,1
BRDA:191,14,0,0
BRDA:191,14,1,7
BRDA:191,15,0,7
BRDA:191,15,1,6
BRF:32
BRH:13
end_of_record
TN:
SF:/home/dev/sync/dev/personal/py/acePM/client/util/consts.js
FNF:0
FNH:0
LF:0
LH:0
BRF:0
BRH:0
end_of_record
TN:
SF:/home/dev/sync/dev/personal/py/acePM/client/util/testutil.js
FN:12,(anonymous_0)
FN:15,(anonymous_1)
FN:21,(anonymous_2)
FN:21,(anonymous_3)
FN:21,(anonymous_4)
FNF:5
FNH:5
FNDA:2,(anonymous_0)
FNDA:2,(anonymous_1)
FNDA:2,(anonymous_2)
FNDA:2,(anonymous_3)
FNDA:2,(anonymous_4)
DA:12,2
DA:15,2
DA:21,2
DA:23,1
LF:4
LH:4
BRDA:21,0,0,0
BRDA:21,0,1,2
BRF:2
BRH:1
end_of_record
